Build started 10/7/2015 6:42:26 PM.
     1>Project "C:\Users\USER\Desktop\Projects for Programming\Puzzle Game - Copy\Puzzle Game\Puzzle Game.vcxproj" on node 2 (Build target(s)).
     1>ClCompile:
         C:\Program Files (x86)\Microsoft Visual Studio 14.0\VC\bin\CL.exe /c /Zi /nologo /W3 /WX- /O2 /Oi /Oy- /GL /D _MBCS /Gm- /EHsc /MD /GS /Gy /fp:precise /Zc:wchar_t /Zc:forScope /Zc:inline /Fo"Release\\" /Fd"Release\vc140.pdb" /Gd /TP /analyze- /errorReport:prompt Source\CAnimation.cpp Source\CCharacter.cpp Source\CCharacterManager.cpp Source\CEnding.cpp Source\CFps.cpp Source\CGameOver.cpp Source\COpButton.cpp Source\COpening.cpp Source\COpTitleLogo.cpp Source\CPiece.cpp Source\CPieceManager.cpp Source\CPlayPuzzle.cpp Source\CRisdon.cpp Source\CRisdonEffect.cpp Source\CRisdonManager.cpp Source\CScene.cpp Source\CSceneManager.cpp Source\CScore.cpp Source\CScoreManager.cpp Source\CSelectButton.cpp Source\CSelectMode.cpp Source\CStage.cpp Source\CStageManager.cpp Source\CWipe.cpp Source\graphics.cpp Source\Likelihood.cpp Source\main.cpp Source\File.cpp Source\CWipeManager.cpp
         CAnimation.cpp
         CCharacter.cpp
         CCharacterManager.cpp
         CEnding.cpp
         CFps.cpp
         CGameOver.cpp
         COpButton.cpp
         COpening.cpp
         COpTitleLogo.cpp
         CPiece.cpp
     1>Source\CPiece.cpp(50): warning C4244: 'argument': conversion from 'float' to 'int', possible loss of data
         CPieceManager.cpp
     1>Source\CPieceManager.cpp(138): warning C4996: 'strcpy': This function or variable may be unsafe. Consider using strcpy_s instead. To disable deprecation, use _CRT_SECURE_NO_WARNINGS. See online help for details.
         C:\Program Files (x86)\Windows Kits\10\Include\10.0.10150.0\ucrt\string.h(119): note: see declaration of 'strcpy'
     1>Source\CPieceManager.cpp(146): warning C4996: 'strcpy': This function or variable may be unsafe. Consider using strcpy_s instead. To disable deprecation, use _CRT_SECURE_NO_WARNINGS. See online help for details.
         C:\Program Files (x86)\Windows Kits\10\Include\10.0.10150.0\ucrt\string.h(119): note: see declaration of 'strcpy'
     1>Source\CPieceManager.cpp(193): warning C4244: '=': conversion from 'int' to 'float', possible loss of data
     1>Source\CPieceManager.cpp(194): warning C4244: '=': conversion from 'int' to 'float', possible loss of data
     1>Source\CPieceManager.cpp(224): warning C4244: '=': conversion from 'int' to 'float', possible loss of data
     1>Source\CPieceManager.cpp(429): warning C4244: '=': conversion from 'int' to 'float', possible loss of data
     1>Source\CPieceManager.cpp(430): warning C4244: '=': conversion from 'int' to 'float', possible loss of data
         CPlayPuzzle.cpp
     1>Source\CPlayPuzzle.cpp(48): warning C4838: conversion from 'int' to 'float' requires a narrowing conversion
     1>Source\CPlayPuzzle.cpp(48): warning C4244: 'initializing': conversion from 'int' to 'float', possible loss of data
         CRisdon.cpp
         CRisdonEffect.cpp
         CRisdonManager.cpp
     1>Source\CRisdonManager.cpp(47): error C2059: syntax error: '}'
         CScene.cpp
         CSceneManager.cpp
         CScore.cpp
     1>Source\CScore.cpp(151): warning C4018: '>=': signed/unsigned mismatch
         CScoreManager.cpp
         CSelectButton.cpp
     1>Source\CSelectButton.cpp(24): warning C4244: 'argument': conversion from 'float' to 'int', possible loss of data
         Compiling...
         CSelectMode.cpp
     1>Source\CSelectMode.cpp(64): warning C4838: conversion from 'int' to 'float' requires a narrowing conversion
     1>Source\CSelectMode.cpp(64): warning C4244: 'initializing': conversion from 'int' to 'float', possible loss of data
     1>Source\CSelectMode.cpp(83): warning C4838: conversion from 'int' to 'float' requires a narrowing conversion
     1>Source\CSelectMode.cpp(83): warning C4244: 'initializing': conversion from 'int' to 'float', possible loss of data
         CStage.cpp
     1>Source\CStage.cpp(36): warning C4244: 'argument': conversion from 'float' to 'int', possible loss of data
         CStageManager.cpp
     1>Source\CStageManager.cpp(76): warning C4244: '=': conversion from 'int' to 'float', possible loss of data
     1>Source\CStageManager.cpp(77): warning C4244: '=': conversion from 'int' to 'float', possible loss of data
         CWipe.cpp
     1>Source\CWipe.cpp(6): warning C4244: 'initializing': conversion from 'float' to 'int', possible loss of data
     1>Source\CWipe.cpp(7): warning C4244: 'initializing': conversion from 'float' to 'int', possible loss of data
     1>Source\CWipe.cpp(8): warning C4244: 'initializing': conversion from 'float' to 'int', possible loss of data
     1>Source\CWipe.cpp(9): warning C4244: 'initializing': conversion from 'float' to 'int', possible loss of data
         graphics.cpp
     1>Source\graphics.cpp(439): warning C4996: 'strcpy': This function or variable may be unsafe. Consider using strcpy_s instead. To disable deprecation, use _CRT_SECURE_NO_WARNINGS. See online help for details.
         C:\Program Files (x86)\Windows Kits\10\Include\10.0.10150.0\ucrt\string.h(119): note: see declaration of 'strcpy'
         Likelihood.cpp
         main.cpp
         File.cpp
     1>Source\File.cpp(28): warning C4996: 'fopen': This function or variable may be unsafe. Consider using fopen_s instead. To disable deprecation, use _CRT_SECURE_NO_WARNINGS. See online help for details.
         C:\Program Files (x86)\Windows Kits\10\Include\10.0.10150.0\ucrt\stdio.h(205): note: see declaration of 'fopen'
     1>Source\File.cpp(90): warning C4996: 'fopen': This function or variable may be unsafe. Consider using fopen_s instead. To disable deprecation, use _CRT_SECURE_NO_WARNINGS. See online help for details.
         C:\Program Files (x86)\Windows Kits\10\Include\10.0.10150.0\ucrt\stdio.h(205): note: see declaration of 'fopen'
         CWipeManager.cpp
     1>Done Building Project "C:\Users\USER\Desktop\Projects for Programming\Puzzle Game - Copy\Puzzle Game\Puzzle Game.vcxproj" (Build target(s)) -- FAILED.

Build FAILED.

Time Elapsed 00:00:18.79
