c:\users\user\desktop\projects for programming\puzzle game - copy\puzzle game\debug\vc140.pdb
c:\users\user\desktop\projects for programming\puzzle game - copy\puzzle game\debug\vc140.idb
c:\users\user\desktop\projects for programming\puzzle game - copy\puzzle game\debug\cpiecemanager.obj
c:\users\user\desktop\projects for programming\puzzle game - copy\puzzle game\debug\cplay.obj
c:\users\user\desktop\projects for programming\puzzle game - copy\puzzle game\debug\crisdon.obj
c:\users\user\desktop\projects for programming\puzzle game - copy\puzzle game\debug\crisdonmanager.obj
c:\users\user\desktop\projects for programming\puzzle game - copy\puzzle game\debug\cscene.obj
c:\users\user\desktop\projects for programming\puzzle game - copy\puzzle game\debug\cscenemanager.obj
c:\users\user\desktop\projects for programming\puzzle game - copy\puzzle game\debug\cscore.obj
c:\users\user\desktop\projects for programming\puzzle game - copy\puzzle game\debug\cscoremanager.obj
c:\users\user\desktop\projects for programming\puzzle game - copy\puzzle game\debug\cselectbutton.obj
c:\users\user\desktop\projects for programming\puzzle game - copy\puzzle game\debug\cstage.obj
c:\users\user\desktop\projects for programming\puzzle game - copy\puzzle game\debug\cstagemanager.obj
c:\users\user\desktop\projects for programming\puzzle game - copy\puzzle game\debug\event.obj
c:\users\user\desktop\projects for programming\puzzle game - copy\puzzle game\debug\graphics.obj
c:\users\user\desktop\projects for programming\puzzle game - copy\puzzle game\debug\input.obj
c:\users\user\desktop\projects for programming\puzzle game - copy\puzzle game\debug\likelihood.obj
c:\users\user\desktop\projects for programming\puzzle game - copy\puzzle game\debug\main.obj
c:\users\user\desktop\projects for programming\puzzle game - copy\puzzle game\debug\file.obj
c:\users\user\desktop\projects for programming\puzzle game - copy\puzzle game\debug\sound.obj
c:\users\user\desktop\projects for programming\puzzle game - copy\puzzle game\debug\window.obj
c:\users\user\desktop\projects for programming\puzzle game - copy\puzzle game\debug\ccharacter.obj
c:\users\user\desktop\projects for programming\puzzle game - copy\puzzle game\debug\ccharactermanager.obj
c:\users\user\desktop\projects for programming\puzzle game - copy\puzzle game\debug\cending.obj
c:\users\user\desktop\projects for programming\puzzle game - copy\puzzle game\debug\cfps.obj
c:\users\user\desktop\projects for programming\puzzle game - copy\puzzle game\debug\cgameover.obj
c:\users\user\desktop\projects for programming\puzzle game - copy\puzzle game\debug\copbutton.obj
c:\users\user\desktop\projects for programming\puzzle game - copy\puzzle game\debug\copening.obj
c:\users\user\desktop\projects for programming\puzzle game - copy\puzzle game\debug\coptitlelogo.obj
c:\users\user\desktop\projects for programming\puzzle game - copy\puzzle game\debug\cpiece.obj
c:\users\user\desktop\projects for programming\puzzle game - copy\puzzle game\debug\cselectmode.obj
c:\users\user\desktop\projects for programming\puzzle game - copy\puzzle game\debug\cwipemanager.obj
c:\users\user\desktop\projects for programming\puzzle game - copy\puzzle game\debug\cwipe.obj
c:\users\user\desktop\projects for programming\puzzle game - copy\debug\puzzle game.ilk
c:\users\user\desktop\projects for programming\puzzle game - copy\debug\puzzle game.exe
c:\users\user\desktop\projects for programming\puzzle game - copy\debug\puzzle game.pdb
c:\users\user\desktop\projects for programming\puzzle game - copy\puzzle game\debug\puzzle game.tlog\cl.command.1.tlog
c:\users\user\desktop\projects for programming\puzzle game - copy\puzzle game\debug\puzzle game.tlog\cl.read.1.tlog
c:\users\user\desktop\projects for programming\puzzle game - copy\puzzle game\debug\puzzle game.tlog\cl.write.1.tlog
c:\users\user\desktop\projects for programming\puzzle game - copy\puzzle game\debug\puzzle game.tlog\link.command.1.tlog
c:\users\user\desktop\projects for programming\puzzle game - copy\puzzle game\debug\puzzle game.tlog\link.read.1.tlog
c:\users\user\desktop\projects for programming\puzzle game - copy\puzzle game\debug\puzzle game.tlog\link.write.1.tlog
