c:\users\user\desktop\projects for programming\super triathlon\super triathlon\debug\vc140.pdb
c:\users\user\desktop\projects for programming\super triathlon\super triathlon\debug\vc140.idb
c:\users\user\desktop\projects for programming\super triathlon\super triathlon\debug\offroadaction.obj
c:\users\user\desktop\projects for programming\super triathlon\super triathlon\debug\offroadracer.obj
c:\users\user\desktop\projects for programming\super triathlon\super triathlon\debug\offroadscore.obj
c:\users\user\desktop\projects for programming\super triathlon\super triathlon\debug\offroadscoremanager.obj
c:\users\user\desktop\projects for programming\super triathlon\super triathlon\debug\offroadstage.obj
c:\users\user\desktop\projects for programming\super triathlon\super triathlon\debug\opening.obj
c:\users\user\desktop\projects for programming\super triathlon\super triathlon\debug\option.obj
c:\users\user\desktop\projects for programming\super triathlon\super triathlon\debug\play.obj
c:\users\user\desktop\projects for programming\super triathlon\super triathlon\debug\record.obj
c:\users\user\desktop\projects for programming\super triathlon\super triathlon\debug\result.obj
c:\users\user\desktop\projects for programming\super triathlon\super triathlon\debug\runnereffect.obj
c:\users\user\desktop\projects for programming\super triathlon\super triathlon\debug\score.obj
c:\users\user\desktop\projects for programming\super triathlon\super triathlon\debug\seaenemy.obj
c:\users\user\desktop\projects for programming\super triathlon\super triathlon\debug\seastage.obj
c:\users\user\desktop\projects for programming\super triathlon\super triathlon\debug\selectstage.obj
c:\users\user\desktop\projects for programming\super triathlon\super triathlon\debug\sound.obj
c:\users\user\desktop\projects for programming\super triathlon\super triathlon\debug\swimer.obj
c:\users\user\desktop\projects for programming\super triathlon\super triathlon\debug\talk.obj
c:\users\user\desktop\projects for programming\super triathlon\super triathlon\debug\window.obj
c:\users\user\desktop\projects for programming\super triathlon\super triathlon\debug\wipe.obj
c:\users\user\desktop\projects for programming\super triathlon\super triathlon\debug\config.obj
c:\users\user\desktop\projects for programming\super triathlon\super triathlon\debug\cplayerrunner.obj
c:\users\user\desktop\projects for programming\super triathlon\super triathlon\debug\croadenemy.obj
c:\users\user\desktop\projects for programming\super triathlon\super triathlon\debug\croadenemymanager.obj
c:\users\user\desktop\projects for programming\super triathlon\super triathlon\debug\croadstage.obj
c:\users\user\desktop\projects for programming\super triathlon\super triathlon\debug\crunner.obj
c:\users\user\desktop\projects for programming\super triathlon\super triathlon\debug\crunnermanager.obj
c:\users\user\desktop\projects for programming\super triathlon\super triathlon\debug\effect.obj
c:\users\user\desktop\projects for programming\super triathlon\super triathlon\debug\ending.obj
c:\users\user\desktop\projects for programming\super triathlon\super triathlon\debug\event.obj
c:\users\user\desktop\projects for programming\super triathlon\super triathlon\debug\fps.obj
c:\users\user\desktop\projects for programming\super triathlon\super triathlon\debug\gadget.obj
c:\users\user\desktop\projects for programming\super triathlon\super triathlon\debug\game.obj
c:\users\user\desktop\projects for programming\super triathlon\super triathlon\debug\gameover.obj
c:\users\user\desktop\projects for programming\super triathlon\super triathlon\debug\graphics.obj
c:\users\user\desktop\projects for programming\super triathlon\super triathlon\debug\input.obj
c:\users\user\desktop\projects for programming\super triathlon\super triathlon\debug\item.obj
c:\users\user\desktop\projects for programming\super triathlon\super triathlon\debug\main.obj
c:\users\user\desktop\projects for programming\super triathlon\super triathlon\debug\map.obj
c:\users\user\desktop\projects for programming\super triathlon\super triathlon\debug\menu.obj
c:\users\user\desktop\projects for programming\super triathlon\super triathlon\debug\animation.obj
c:\users\user\desktop\projects for programming\super triathlon\super triathlon\debug\ccharacter.obj
c:\users\user\desktop\projects for programming\super triathlon\super triathlon\debug\ccompetitormanager.obj
c:\users\user\desktop\projects for programming\super triathlon\super triathlon\debug\ceffectmanager.obj
c:\users\user\desktop\projects for programming\super triathlon\super triathlon\debug\character.obj
c:\users\user\desktop\projects for programming\super triathlon\super triathlon\debug\competitorrunner.obj
c:\users\user\desktop\projects for programming\super triathlon\debug\super triathlon.ilk
c:\users\user\desktop\projects for programming\super triathlon\debug\super triathlon.exe
c:\users\user\desktop\projects for programming\super triathlon\debug\super triathlon.pdb
c:\users\user\desktop\projects for programming\super triathlon\super triathlon\debug\script1.res
c:\users\user\desktop\projects for programming\super triathlon\super triathlon\debug\super triathlon.tlog\cl.command.1.tlog
c:\users\user\desktop\projects for programming\super triathlon\super triathlon\debug\super triathlon.tlog\cl.read.1.tlog
c:\users\user\desktop\projects for programming\super triathlon\super triathlon\debug\super triathlon.tlog\cl.write.1.tlog
c:\users\user\desktop\projects for programming\super triathlon\super triathlon\debug\super triathlon.tlog\link.command.1.tlog
c:\users\user\desktop\projects for programming\super triathlon\super triathlon\debug\super triathlon.tlog\link.read.1.tlog
c:\users\user\desktop\projects for programming\super triathlon\super triathlon\debug\super triathlon.tlog\link.write.1.tlog
c:\users\user\desktop\projects for programming\super triathlon\super triathlon\debug\super triathlon.tlog\rc.command.1.tlog
c:\users\user\desktop\projects for programming\super triathlon\super triathlon\debug\super triathlon.tlog\rc.read.1.tlog
c:\users\user\desktop\projects for programming\super triathlon\super triathlon\debug\super triathlon.tlog\rc.write.1.tlog
